<?xml version="1.0" encoding="UTF-8"?>
<!-- Generated by org.testng.reporters.JUnitXMLReporter -->
<testsuite hostname="DESKTOP-987SG1D" ignored="0" name="Test" tests="112" failures="0" timestamp="2021-05-31T19:11:03 IST" time="14.453" errors="0">
  <testcase name="@BeforeTest getTest" time="9.486" classname="Testcases.Google_03_SearchTest">
    <skipped/>
  </testcase> <!-- @BeforeTest getTest -->
  <testcase name="@BeforeClass getTest" time="-1.622468458081E9" classname="Testcases.Google_03_playTest">
    <skipped/>
  </testcase> <!-- @BeforeClass getTest -->
  <testcase name="@BeforeMethod setUp" time="-1.622468458219E9" classname="Testcases.Google_03_playTest">
    <skipped/>
  </testcase> <!-- @BeforeMethod setUp -->
  <testcase name="@AfterMethod tearDown" time="-1.622468458229E9" classname="Testcases.Google_03_playTest">
    <skipped/>
  </testcase> <!-- @AfterMethod tearDown -->
  <testcase name="@BeforeMethod setUp" time="-1.622468458236E9" classname="Testcases.Google_03_playTest">
    <skipped/>
  </testcase> <!-- @BeforeMethod setUp -->
  <testcase name="@AfterMethod tearDown" time="-1.622468458244E9" classname="Testcases.Google_03_playTest">
    <skipped/>
  </testcase> <!-- @AfterMethod tearDown -->
  <testcase name="@BeforeClass getTest" time="-1.622468458246E9" classname="Testcases.Google_04_TranslateVerifyTest">
    <skipped/>
  </testcase> <!-- @BeforeClass getTest -->
  <testcase name="@BeforeMethod setBrowser" time="-1.622468458745E9" classname="Testcases.Google_04_TranslateVerifyTest">
    <skipped/>
  </testcase> <!-- @BeforeMethod setBrowser -->
  <testcase name="@AfterMethod closeBrowser" time="-1.622468458753E9" classname="Testcases.Google_04_TranslateVerifyTest">
    <skipped/>
  </testcase> <!-- @AfterMethod closeBrowser -->
  <testcase name="@BeforeMethod setBrowser" time="-1.622468458756E9" classname="Testcases.Google_04_TranslateVerifyTest">
    <skipped/>
  </testcase> <!-- @BeforeMethod setBrowser -->
  <testcase name="@AfterMethod closeBrowser" time="-1.622468458766E9" classname="Testcases.Google_04_TranslateVerifyTest">
    <skipped/>
  </testcase> <!-- @AfterMethod closeBrowser -->
  <testcase name="@BeforeClass getTest" time="-1.622468458779E9" classname="Testcases.Google_03_NewsTest">
    <skipped/>
  </testcase> <!-- @BeforeClass getTest -->
  <testcase name="@BeforeMethod setUp" time="-1.622468458789E9" classname="Testcases.Google_03_NewsTest">
    <skipped/>
  </testcase> <!-- @BeforeMethod setUp -->
  <testcase name="@AfterMethod tearDown" time="-1.622468458804E9" classname="Testcases.Google_03_NewsTest">
    <skipped/>
  </testcase> <!-- @AfterMethod tearDown -->
  <testcase name="@BeforeMethod setUp" time="-1.622468458812E9" classname="Testcases.Google_03_NewsTest">
    <skipped/>
  </testcase> <!-- @BeforeMethod setUp -->
  <testcase name="@AfterMethod tearDown" time="-1.62246845883E9" classname="Testcases.Google_03_NewsTest">
    <skipped/>
  </testcase> <!-- @AfterMethod tearDown -->
  <testcase name="@BeforeClass getTest" time="-1.622468458837E9" classname="Testcases.Google_12_ReadEmailTest">
    <skipped/>
  </testcase> <!-- @BeforeClass getTest -->
  <testcase name="@BeforeMethod setBrowser" time="-1.622468459037E9" classname="Testcases.Google_12_ReadEmailTest">
    <skipped/>
  </testcase> <!-- @BeforeMethod setBrowser -->
  <testcase name="@AfterMethod closeBrowser" time="-1.62246845906E9" classname="Testcases.Google_12_ReadEmailTest">
    <skipped/>
  </testcase> <!-- @AfterMethod closeBrowser -->
  <testcase name="@BeforeMethod setBrowser" time="-1.622468459062E9" classname="Testcases.Google_12_ReadEmailTest">
    <skipped/>
  </testcase> <!-- @BeforeMethod setBrowser -->
  <testcase name="@AfterMethod closeBrowser" time="-1.622468459074E9" classname="Testcases.Google_12_ReadEmailTest">
    <skipped/>
  </testcase> <!-- @AfterMethod closeBrowser -->
  <testcase name="@BeforeClass getTest" time="-1.622468459081E9" classname="Testcases.Google_04_MapVerifyTest">
    <skipped/>
  </testcase> <!-- @BeforeClass getTest -->
  <testcase name="@BeforeMethod setBrowser" time="-1.622468459216E9" classname="Testcases.Google_04_MapVerifyTest">
    <skipped/>
  </testcase> <!-- @BeforeMethod setBrowser -->
  <testcase name="@AfterMethod closeBrowser" time="-1.622468459221E9" classname="Testcases.Google_04_MapVerifyTest">
    <skipped/>
  </testcase> <!-- @AfterMethod closeBrowser -->
  <testcase name="@BeforeMethod setBrowser" time="-1.622468459224E9" classname="Testcases.Google_04_MapVerifyTest">
    <skipped/>
  </testcase> <!-- @BeforeMethod setBrowser -->
  <testcase name="@AfterMethod closeBrowser" time="-1.622468459229E9" classname="Testcases.Google_04_MapVerifyTest">
    <skipped/>
  </testcase> <!-- @AfterMethod closeBrowser -->
  <testcase name="@BeforeClass getTest" time="-1.622468459231E9" classname="Testcases.Google_03_translateTest">
    <skipped/>
  </testcase> <!-- @BeforeClass getTest -->
  <testcase name="@BeforeMethod setUp" time="-1.622468459233E9" classname="Testcases.Google_03_translateTest">
    <skipped/>
  </testcase> <!-- @BeforeMethod setUp -->
  <testcase name="@AfterMethod tearDown" time="-1.62246845924E9" classname="Testcases.Google_03_translateTest">
    <skipped/>
  </testcase> <!-- @AfterMethod tearDown -->
  <testcase name="@BeforeClass getTest" time="-1.622468459242E9" classname="Testcases.Google_09_GmailAccountVerifyTest">
    <skipped/>
  </testcase> <!-- @BeforeClass getTest -->
  <testcase name="@BeforeMethod setBrowser" time="-1.622468459246E9" classname="Testcases.Google_09_GmailAccountVerifyTest">
    <skipped/>
  </testcase> <!-- @BeforeMethod setBrowser -->
  <testcase name="@AfterMethod closeBrowser" time="-1.622468459249E9" classname="Testcases.Google_09_GmailAccountVerifyTest">
    <skipped/>
  </testcase> <!-- @AfterMethod closeBrowser -->
  <testcase name="@BeforeClass getTest" time="-1.62246845925E9" classname="Testcases.Google_04_AccountVerifyTest">
    <skipped/>
  </testcase> <!-- @BeforeClass getTest -->
  <testcase name="@BeforeMethod setBrowser" time="-1.622468459346E9" classname="Testcases.Google_04_AccountVerifyTest">
    <skipped/>
  </testcase> <!-- @BeforeMethod setBrowser -->
  <testcase name="@AfterMethod closeBrowser" time="-1.622468459356E9" classname="Testcases.Google_04_AccountVerifyTest">
    <skipped/>
  </testcase> <!-- @AfterMethod closeBrowser -->
  <testcase name="@BeforeMethod setBrowser" time="-1.622468459359E9" classname="Testcases.Google_04_AccountVerifyTest">
    <skipped/>
  </testcase> <!-- @BeforeMethod setBrowser -->
  <testcase name="@AfterMethod closeBrowser" time="-1.622468459372E9" classname="Testcases.Google_04_AccountVerifyTest">
    <skipped/>
  </testcase> <!-- @AfterMethod closeBrowser -->
  <testcase name="@BeforeClass getTest" time="-1.622468459375E9" classname="Testcases.Google_07_VerifySearchTest">
    <skipped/>
  </testcase> <!-- @BeforeClass getTest -->
  <testcase name="@BeforeMethod setBrowser" time="-1.622468459378E9" classname="Testcases.Google_07_VerifySearchTest">
    <skipped/>
  </testcase> <!-- @BeforeMethod setBrowser -->
  <testcase name="@AfterMethod closeBrowser" time="-1.622468459392E9" classname="Testcases.Google_07_VerifySearchTest">
    <skipped/>
  </testcase> <!-- @AfterMethod closeBrowser -->
  <testcase name="@BeforeClass getTest" time="-1.622468459412E9" classname="Testcases.Google_19_GmailMovePageTest">
    <skipped/>
  </testcase> <!-- @BeforeClass getTest -->
  <testcase name="@BeforeMethod setBrowser" time="-1.622468459509E9" classname="Testcases.Google_19_GmailMovePageTest">
    <skipped/>
  </testcase> <!-- @BeforeMethod setBrowser -->
  <testcase name="@AfterMethod closeBrowser" time="-1.622468459516E9" classname="Testcases.Google_19_GmailMovePageTest">
    <skipped/>
  </testcase> <!-- @AfterMethod closeBrowser -->
  <testcase name="@BeforeMethod setBrowser" time="-1.622468459519E9" classname="Testcases.Google_19_GmailMovePageTest">
    <skipped/>
  </testcase> <!-- @BeforeMethod setBrowser -->
  <testcase name="@AfterMethod closeBrowser" time="-1.622468459533E9" classname="Testcases.Google_19_GmailMovePageTest">
    <skipped/>
  </testcase> <!-- @AfterMethod closeBrowser -->
  <testcase name="@BeforeClass getTest" time="-1.622468459538E9" classname="Testcases.Google_03_AccountPageTest">
    <skipped/>
  </testcase> <!-- @BeforeClass getTest -->
  <testcase name="@BeforeMethod setUp" time="-1.622468459547E9" classname="Testcases.Google_03_AccountPageTest">
    <skipped/>
  </testcase> <!-- @BeforeMethod setUp -->
  <testcase name="@AfterMethod tearDown" time="-1.622468459569E9" classname="Testcases.Google_03_AccountPageTest">
    <skipped/>
  </testcase> <!-- @AfterMethod tearDown -->
  <testcase name="@BeforeClass setUp" time="-1.622468459583E9" classname="Testcases.Google_03_SearchTest">
    <skipped/>
  </testcase> <!-- @BeforeClass setUp -->
  <testcase name="@AfterMethod tearDown" time="-1.622468459659E9" classname="Testcases.Google_03_SearchTest">
    <skipped/>
  </testcase> <!-- @AfterMethod tearDown -->
  <testcase name="@AfterMethod tearDown" time="-1.622468459666E9" classname="Testcases.Google_03_SearchTest">
    <skipped/>
  </testcase> <!-- @AfterMethod tearDown -->
  <testcase name="@AfterMethod tearDown" time="-1.622468459671E9" classname="Testcases.Google_03_SearchTest">
    <skipped/>
  </testcase> <!-- @AfterMethod tearDown -->
  <testcase name="@BeforeClass getTest" time="-1.622468459674E9" classname="Testcases.Google_04_GmailVerifyTest">
    <skipped/>
  </testcase> <!-- @BeforeClass getTest -->
  <testcase name="@BeforeMethod setBrowser" time="-1.62246845975E9" classname="Testcases.Google_04_GmailVerifyTest">
    <skipped/>
  </testcase> <!-- @BeforeMethod setBrowser -->
  <testcase name="@AfterMethod closeBrowser" time="-1.622468459762E9" classname="Testcases.Google_04_GmailVerifyTest">
    <skipped/>
  </testcase> <!-- @AfterMethod closeBrowser -->
  <testcase name="@BeforeMethod setBrowser" time="-1.622468459768E9" classname="Testcases.Google_04_GmailVerifyTest">
    <skipped/>
  </testcase> <!-- @BeforeMethod setBrowser -->
  <testcase name="@AfterMethod closeBrowser" time="-1.622468459787E9" classname="Testcases.Google_04_GmailVerifyTest">
    <skipped/>
  </testcase> <!-- @AfterMethod closeBrowser -->
  <testcase name="@BeforeClass getTest" time="-1.622468459789E9" classname="Testcases.Google_04_PlaystoreVerifyTest">
    <skipped/>
  </testcase> <!-- @BeforeClass getTest -->
  <testcase name="@BeforeMethod setBrowser" time="-1.622468459898E9" classname="Testcases.Google_04_PlaystoreVerifyTest">
    <skipped/>
  </testcase> <!-- @BeforeMethod setBrowser -->
  <testcase name="@AfterMethod closeBrowser" time="-1.62246845991E9" classname="Testcases.Google_04_PlaystoreVerifyTest">
    <skipped/>
  </testcase> <!-- @AfterMethod closeBrowser -->
  <testcase name="@BeforeMethod setBrowser" time="-1.622468459915E9" classname="Testcases.Google_04_PlaystoreVerifyTest">
    <skipped/>
  </testcase> <!-- @BeforeMethod setBrowser -->
  <testcase name="@AfterMethod closeBrowser" time="-1.622468459928E9" classname="Testcases.Google_04_PlaystoreVerifyTest">
    <skipped/>
  </testcase> <!-- @AfterMethod closeBrowser -->
  <testcase name="@BeforeClass getTest" time="-1.622468459934E9" classname="Testcases.Google_08_ProductWebTest">
    <skipped/>
  </testcase> <!-- @BeforeClass getTest -->
  <testcase name="@BeforeMethod setBrowser" time="-1.622468459936E9" classname="Testcases.Google_08_ProductWebTest">
    <skipped/>
  </testcase> <!-- @BeforeMethod setBrowser -->
  <testcase name="@AfterMethod closeBrowser" time="-1.62246845994E9" classname="Testcases.Google_08_ProductWebTest">
    <skipped/>
  </testcase> <!-- @AfterMethod closeBrowser -->
  <testcase name="@BeforeMethod setBrowser" time="-1.622468459943E9" classname="Testcases.Google_08_ProductWebTest">
    <skipped/>
  </testcase> <!-- @BeforeMethod setBrowser -->
  <testcase name="@AfterMethod closeBrowser" time="-1.622468459949E9" classname="Testcases.Google_08_ProductWebTest">
    <skipped/>
  </testcase> <!-- @AfterMethod closeBrowser -->
  <testcase name="@BeforeMethod setBrowser" time="-1.622468459961E9" classname="Testcases.Google_08_ProductWebTest">
    <skipped/>
  </testcase> <!-- @BeforeMethod setBrowser -->
  <testcase name="@AfterMethod closeBrowser" time="-1.622468459967E9" classname="Testcases.Google_08_ProductWebTest">
    <skipped/>
  </testcase> <!-- @AfterMethod closeBrowser -->
  <testcase name="@BeforeMethod setBrowser" time="-1.622468459975E9" classname="Testcases.Google_08_ProductWebTest">
    <skipped/>
  </testcase> <!-- @BeforeMethod setBrowser -->
  <testcase name="@AfterMethod closeBrowser" time="-1.622468459988E9" classname="Testcases.Google_08_ProductWebTest">
    <skipped/>
  </testcase> <!-- @AfterMethod closeBrowser -->
  <testcase name="@BeforeMethod setBrowser" time="-1.622468459997E9" classname="Testcases.Google_08_ProductWebTest">
    <skipped/>
  </testcase> <!-- @BeforeMethod setBrowser -->
  <testcase name="@AfterMethod closeBrowser" time="-1.622468460008E9" classname="Testcases.Google_08_ProductWebTest">
    <skipped/>
  </testcase> <!-- @AfterMethod closeBrowser -->
  <testcase name="@BeforeMethod setBrowser" time="-1.622468460017E9" classname="Testcases.Google_08_ProductWebTest">
    <skipped/>
  </testcase> <!-- @BeforeMethod setBrowser -->
  <testcase name="@AfterMethod closeBrowser" time="-1.622468460023E9" classname="Testcases.Google_08_ProductWebTest">
    <skipped/>
  </testcase> <!-- @AfterMethod closeBrowser -->
  <testcase name="@BeforeMethod setBrowser" time="-1.622468460027E9" classname="Testcases.Google_08_ProductWebTest">
    <skipped/>
  </testcase> <!-- @BeforeMethod setBrowser -->
  <testcase name="@AfterMethod closeBrowser" time="-1.622468460044E9" classname="Testcases.Google_08_ProductWebTest">
    <skipped/>
  </testcase> <!-- @AfterMethod closeBrowser -->
  <testcase name="@BeforeMethod setBrowser" time="-1.622468460059E9" classname="Testcases.Google_08_ProductWebTest">
    <skipped/>
  </testcase> <!-- @BeforeMethod setBrowser -->
  <testcase name="@AfterMethod closeBrowser" time="-1.622468460072E9" classname="Testcases.Google_08_ProductWebTest">
    <skipped/>
  </testcase> <!-- @AfterMethod closeBrowser -->
  <testcase name="@BeforeMethod setBrowser" time="-1.622468460074E9" classname="Testcases.Google_08_ProductWebTest">
    <skipped/>
  </testcase> <!-- @BeforeMethod setBrowser -->
  <testcase name="@AfterMethod closeBrowser" time="-1.622468460081E9" classname="Testcases.Google_08_ProductWebTest">
    <skipped/>
  </testcase> <!-- @AfterMethod closeBrowser -->
  <testcase name="@BeforeMethod setBrowser" time="-1.622468460085E9" classname="Testcases.Google_08_ProductWebTest">
    <skipped/>
  </testcase> <!-- @BeforeMethod setBrowser -->
  <testcase name="@AfterMethod closeBrowser" time="-1.622468460098E9" classname="Testcases.Google_08_ProductWebTest">
    <skipped/>
  </testcase> <!-- @AfterMethod closeBrowser -->
  <testcase name="@BeforeMethod setBrowser" time="-1.622468460104E9" classname="Testcases.Google_08_ProductWebTest">
    <skipped/>
  </testcase> <!-- @BeforeMethod setBrowser -->
  <testcase name="@AfterMethod closeBrowser" time="-1.622468460108E9" classname="Testcases.Google_08_ProductWebTest">
    <skipped/>
  </testcase> <!-- @AfterMethod closeBrowser -->
  <testcase name="@BeforeMethod setBrowser" time="-1.62246846011E9" classname="Testcases.Google_08_ProductWebTest">
    <skipped/>
  </testcase> <!-- @BeforeMethod setBrowser -->
  <testcase name="@AfterMethod closeBrowser" time="-1.622468460127E9" classname="Testcases.Google_08_ProductWebTest">
    <skipped/>
  </testcase> <!-- @AfterMethod closeBrowser -->
  <testcase name="@BeforeMethod setBrowser" time="-1.622468460131E9" classname="Testcases.Google_08_ProductWebTest">
    <skipped/>
  </testcase> <!-- @BeforeMethod setBrowser -->
  <testcase name="@AfterMethod closeBrowser" time="-1.622468460141E9" classname="Testcases.Google_08_ProductWebTest">
    <skipped/>
  </testcase> <!-- @AfterMethod closeBrowser -->
  <testcase name="@BeforeMethod setBrowser" time="-1.622468460149E9" classname="Testcases.Google_08_ProductWebTest">
    <skipped/>
  </testcase> <!-- @BeforeMethod setBrowser -->
  <testcase name="@AfterMethod closeBrowser" time="-1.622468460157E9" classname="Testcases.Google_08_ProductWebTest">
    <skipped/>
  </testcase> <!-- @AfterMethod closeBrowser -->
  <testcase name="@BeforeMethod setBrowser" time="-1.62246846016E9" classname="Testcases.Google_08_ProductWebTest">
    <skipped/>
  </testcase> <!-- @BeforeMethod setBrowser -->
  <testcase name="@AfterMethod closeBrowser" time="-1.622468460164E9" classname="Testcases.Google_08_ProductWebTest">
    <skipped/>
  </testcase> <!-- @AfterMethod closeBrowser -->
  <testcase name="@BeforeMethod setBrowser" time="-1.622468460166E9" classname="Testcases.Google_08_ProductWebTest">
    <skipped/>
  </testcase> <!-- @BeforeMethod setBrowser -->
  <testcase name="@AfterMethod closeBrowser" time="-1.622468460187E9" classname="Testcases.Google_08_ProductWebTest">
    <skipped/>
  </testcase> <!-- @AfterMethod closeBrowser -->
  <testcase name="@BeforeMethod setBrowser" time="-1.622468460191E9" classname="Testcases.Google_08_ProductWebTest">
    <skipped/>
  </testcase> <!-- @BeforeMethod setBrowser -->
  <testcase name="@AfterMethod closeBrowser" time="-1.622468460194E9" classname="Testcases.Google_08_ProductWebTest">
    <skipped/>
  </testcase> <!-- @AfterMethod closeBrowser -->
  <testcase name="@BeforeMethod setBrowser" time="-1.622468460197E9" classname="Testcases.Google_08_ProductWebTest">
    <skipped/>
  </testcase> <!-- @BeforeMethod setBrowser -->
  <testcase name="@AfterMethod closeBrowser" time="-1.622468460224E9" classname="Testcases.Google_08_ProductWebTest">
    <skipped/>
  </testcase> <!-- @AfterMethod closeBrowser -->
  <testcase name="@BeforeMethod setBrowser" time="-1.622468460228E9" classname="Testcases.Google_08_ProductWebTest">
    <skipped/>
  </testcase> <!-- @BeforeMethod setBrowser -->
  <testcase name="@AfterMethod closeBrowser" time="-1.622468460231E9" classname="Testcases.Google_08_ProductWebTest">
    <skipped/>
  </testcase> <!-- @AfterMethod closeBrowser -->
  <testcase name="@BeforeMethod setBrowser" time="-1.622468460243E9" classname="Testcases.Google_08_ProductWebTest">
    <skipped/>
  </testcase> <!-- @BeforeMethod setBrowser -->
  <testcase name="@AfterMethod closeBrowser" time="-1.622468460254E9" classname="Testcases.Google_08_ProductWebTest">
    <skipped/>
  </testcase> <!-- @AfterMethod closeBrowser -->
  <testcase name="@BeforeMethod setBrowser" time="-1.622468460261E9" classname="Testcases.Google_08_ProductWebTest">
    <skipped/>
  </testcase> <!-- @BeforeMethod setBrowser -->
  <testcase name="@AfterMethod closeBrowser" time="-1.622468460266E9" classname="Testcases.Google_08_ProductWebTest">
    <skipped/>
  </testcase> <!-- @AfterMethod closeBrowser -->
  <testcase name="@BeforeMethod setBrowser" time="-1.622468460274E9" classname="Testcases.Google_08_ProductWebTest">
    <skipped/>
  </testcase> <!-- @BeforeMethod setBrowser -->
  <testcase name="@AfterMethod closeBrowser" time="-1.62246846028E9" classname="Testcases.Google_08_ProductWebTest">
    <skipped/>
  </testcase> <!-- @AfterMethod closeBrowser -->
  <testcase name="@BeforeMethod setBrowser" time="-1.622468460285E9" classname="Testcases.Google_08_ProductWebTest">
    <skipped/>
  </testcase> <!-- @BeforeMethod setBrowser -->
  <testcase name="@AfterMethod closeBrowser" time="-1.622468460291E9" classname="Testcases.Google_08_ProductWebTest">
    <skipped/>
  </testcase> <!-- @AfterMethod closeBrowser -->
  <testcase name="@BeforeMethod setBrowser" time="-1.622468460293E9" classname="Testcases.Google_08_ProductWebTest">
    <skipped/>
  </testcase> <!-- @BeforeMethod setBrowser -->
  <testcase name="@AfterMethod closeBrowser" time="-1.622468460344E9" classname="Testcases.Google_08_ProductWebTest">
    <skipped/>
  </testcase> <!-- @AfterMethod closeBrowser -->
  <testcase name="@BeforeMethod setBrowser" time="-1.62246846035E9" classname="Testcases.Google_08_ProductWebTest">
    <skipped/>
  </testcase> <!-- @BeforeMethod setBrowser -->
  <testcase name="@AfterMethod closeBrowser" time="-1.622468460361E9" classname="Testcases.Google_08_ProductWebTest">
    <skipped/>
  </testcase> <!-- @AfterMethod closeBrowser -->
  <testcase name="@BeforeMethod setBrowser" time="-1.622468460378E9" classname="Testcases.Google_08_ProductWebTest">
    <skipped/>
  </testcase> <!-- @BeforeMethod setBrowser -->
  <testcase name="@AfterMethod closeBrowser" time="-1.622468460389E9" classname="Testcases.Google_08_ProductWebTest">
    <skipped/>
  </testcase> <!-- @AfterMethod closeBrowser -->
  <testcase name="@BeforeMethod setBrowser" time="-1.622468460399E9" classname="Testcases.Google_08_ProductWebTest">
    <skipped/>
  </testcase> <!-- @BeforeMethod setBrowser -->
  <testcase name="@AfterMethod closeBrowser" time="-1.622468460409E9" classname="Testcases.Google_08_ProductWebTest">
    <skipped/>
  </testcase> <!-- @AfterMethod closeBrowser -->
  <testcase name="@BeforeMethod setBrowser" time="-1.622468460422E9" classname="Testcases.Google_08_ProductWebTest">
    <skipped/>
  </testcase> <!-- @BeforeMethod setBrowser -->
  <testcase name="@AfterMethod closeBrowser" time="-1.622468460444E9" classname="Testcases.Google_08_ProductWebTest">
    <skipped/>
  </testcase> <!-- @AfterMethod closeBrowser -->
  <testcase name="@BeforeMethod setBrowser" time="-1.622468460449E9" classname="Testcases.Google_08_ProductWebTest">
    <skipped/>
  </testcase> <!-- @BeforeMethod setBrowser -->
  <testcase name="@AfterMethod closeBrowser" time="-1.62246846046E9" classname="Testcases.Google_08_ProductWebTest">
    <skipped/>
  </testcase> <!-- @AfterMethod closeBrowser -->
  <testcase name="@BeforeMethod setBrowser" time="-1.622468460465E9" classname="Testcases.Google_08_ProductWebTest">
    <skipped/>
  </testcase> <!-- @BeforeMethod setBrowser -->
  <testcase name="@AfterMethod closeBrowser" time="-1.622468460471E9" classname="Testcases.Google_08_ProductWebTest">
    <skipped/>
  </testcase> <!-- @AfterMethod closeBrowser -->
  <testcase name="@BeforeMethod setBrowser" time="-1.622468460477E9" classname="Testcases.Google_08_ProductWebTest">
    <skipped/>
  </testcase> <!-- @BeforeMethod setBrowser -->
  <testcase name="@AfterMethod closeBrowser" time="-1.622468460487E9" classname="Testcases.Google_08_ProductWebTest">
    <skipped/>
  </testcase> <!-- @AfterMethod closeBrowser -->
  <testcase name="@BeforeMethod setBrowser" time="-1.622468460492E9" classname="Testcases.Google_08_ProductWebTest">
    <skipped/>
  </testcase> <!-- @BeforeMethod setBrowser -->
  <testcase name="@AfterMethod closeBrowser" time="-1.622468460496E9" classname="Testcases.Google_08_ProductWebTest">
    <skipped/>
  </testcase> <!-- @AfterMethod closeBrowser -->
  <testcase name="@BeforeMethod setBrowser" time="-1.622468460503E9" classname="Testcases.Google_08_ProductWebTest">
    <skipped/>
  </testcase> <!-- @BeforeMethod setBrowser -->
  <testcase name="@AfterMethod closeBrowser" time="-1.622468460506E9" classname="Testcases.Google_08_ProductWebTest">
    <skipped/>
  </testcase> <!-- @AfterMethod closeBrowser -->
  <testcase name="@BeforeClass getTest" time="-1.622468460511E9" classname="Testcases.Google_02_PageTest">
    <skipped/>
  </testcase> <!-- @BeforeClass getTest -->
  <testcase name="@BeforeMethod setUp" time="-1.622468460521E9" classname="Testcases.Google_02_PageTest">
    <skipped/>
  </testcase> <!-- @BeforeMethod setUp -->
  <testcase name="@AfterMethod tearDown" time="-1.62246846053E9" classname="Testcases.Google_02_PageTest">
    <skipped/>
  </testcase> <!-- @AfterMethod tearDown -->
  <testcase name="@BeforeMethod setUp" time="-1.622468460536E9" classname="Testcases.Google_02_PageTest">
    <skipped/>
  </testcase> <!-- @BeforeMethod setUp -->
  <testcase name="@AfterMethod tearDown" time="-1.622468460568E9" classname="Testcases.Google_02_PageTest">
    <skipped/>
  </testcase> <!-- @AfterMethod tearDown -->
  <testcase name="@BeforeMethod setUp" time="-1.62246846057E9" classname="Testcases.Google_02_PageTest">
    <skipped/>
  </testcase> <!-- @BeforeMethod setUp -->
  <testcase name="@AfterMethod tearDown" time="-1.622468460575E9" classname="Testcases.Google_02_PageTest">
    <skipped/>
  </testcase> <!-- @AfterMethod tearDown -->
  <testcase name="@BeforeMethod setUp" time="-1.622468460576E9" classname="Testcases.Google_02_PageTest">
    <skipped/>
  </testcase> <!-- @BeforeMethod setUp -->
  <testcase name="@AfterMethod tearDown" time="-1.622468460579E9" classname="Testcases.Google_02_PageTest">
    <skipped/>
  </testcase> <!-- @AfterMethod tearDown -->
  <testcase name="@BeforeMethod setUp" time="-1.62246846058E9" classname="Testcases.Google_02_PageTest">
    <skipped/>
  </testcase> <!-- @BeforeMethod setUp -->
  <testcase name="@AfterMethod tearDown" time="-1.622468460583E9" classname="Testcases.Google_02_PageTest">
    <skipped/>
  </testcase> <!-- @AfterMethod tearDown -->
  <testcase name="@BeforeMethod setUp" time="-1.622468460591E9" classname="Testcases.Google_02_PageTest">
    <skipped/>
  </testcase> <!-- @BeforeMethod setUp -->
  <testcase name="@AfterMethod tearDown" time="-1.622468460594E9" classname="Testcases.Google_02_PageTest">
    <skipped/>
  </testcase> <!-- @AfterMethod tearDown -->
  <testcase name="@BeforeMethod setUp" time="-1.622468460595E9" classname="Testcases.Google_02_PageTest">
    <skipped/>
  </testcase> <!-- @BeforeMethod setUp -->
  <testcase name="@AfterMethod tearDown" time="-1.622468460598E9" classname="Testcases.Google_02_PageTest">
    <skipped/>
  </testcase> <!-- @AfterMethod tearDown -->
  <testcase name="@BeforeMethod setUp" time="-1.62246846061E9" classname="Testcases.Google_02_PageTest">
    <skipped/>
  </testcase> <!-- @BeforeMethod setUp -->
  <testcase name="@AfterMethod tearDown" time="-1.622468460631E9" classname="Testcases.Google_02_PageTest">
    <skipped/>
  </testcase> <!-- @AfterMethod tearDown -->
  <testcase name="@BeforeMethod setUp" time="-1.62246846064E9" classname="Testcases.Google_02_PageTest">
    <skipped/>
  </testcase> <!-- @BeforeMethod setUp -->
  <testcase name="@AfterMethod tearDown" time="-1.622468460643E9" classname="Testcases.Google_02_PageTest">
    <skipped/>
  </testcase> <!-- @AfterMethod tearDown -->
  <testcase name="@BeforeMethod setUp" time="-1.622468460644E9" classname="Testcases.Google_02_PageTest">
    <skipped/>
  </testcase> <!-- @BeforeMethod setUp -->
  <testcase name="@AfterMethod tearDown" time="-1.622468460646E9" classname="Testcases.Google_02_PageTest">
    <skipped/>
  </testcase> <!-- @AfterMethod tearDown -->
  <testcase name="@BeforeClass getTest" time="-1.622468460648E9" classname="Testcases.Google_16_MailwithAttachmentTest">
    <skipped/>
  </testcase> <!-- @BeforeClass getTest -->
  <testcase name="@BeforeMethod setBrowser" time="-1.622468460781E9" classname="Testcases.Google_16_MailwithAttachmentTest">
    <skipped/>
  </testcase> <!-- @BeforeMethod setBrowser -->
  <testcase name="@AfterMethod closeBrowser" time="-1.622468460791E9" classname="Testcases.Google_16_MailwithAttachmentTest">
    <skipped/>
  </testcase> <!-- @AfterMethod closeBrowser -->
  <testcase name="@BeforeMethod setBrowser" time="-1.622468460794E9" classname="Testcases.Google_16_MailwithAttachmentTest">
    <skipped/>
  </testcase> <!-- @BeforeMethod setBrowser -->
  <testcase name="@AfterMethod closeBrowser" time="-1.622468460797E9" classname="Testcases.Google_16_MailwithAttachmentTest">
    <skipped/>
  </testcase> <!-- @AfterMethod closeBrowser -->
  <testcase name="@BeforeClass getTest" time="-1.622468460798E9" classname="Testcases.Google_15_GmailSearchTest">
    <skipped/>
  </testcase> <!-- @BeforeClass getTest -->
  <testcase name="@BeforeMethod setBrowser" time="-1.622468460946E9" classname="Testcases.Google_15_GmailSearchTest">
    <skipped/>
  </testcase> <!-- @BeforeMethod setBrowser -->
  <testcase name="@AfterMethod closeBrowser" time="-1.622468460961E9" classname="Testcases.Google_15_GmailSearchTest">
    <skipped/>
  </testcase> <!-- @AfterMethod closeBrowser -->
  <testcase name="@BeforeMethod setBrowser" time="-1.622468460967E9" classname="Testcases.Google_15_GmailSearchTest">
    <skipped/>
  </testcase> <!-- @BeforeMethod setBrowser -->
  <testcase name="@AfterMethod closeBrowser" time="-1.622468460984E9" classname="Testcases.Google_15_GmailSearchTest">
    <skipped/>
  </testcase> <!-- @AfterMethod closeBrowser -->
  <testcase name="@BeforeClass getTest" time="-1.622468460989E9" classname="Testcases.Google_20_GmailSignOutTest">
    <skipped/>
  </testcase> <!-- @BeforeClass getTest -->
  <testcase name="@BeforeMethod setBrowser" time="-1.622468461147E9" classname="Testcases.Google_20_GmailSignOutTest">
    <skipped/>
  </testcase> <!-- @BeforeMethod setBrowser -->
  <testcase name="@AfterMethod closeBrowser" time="-1.622468461162E9" classname="Testcases.Google_20_GmailSignOutTest">
    <skipped/>
  </testcase> <!-- @AfterMethod closeBrowser -->
  <testcase name="@BeforeMethod setBrowser" time="-1.622468461167E9" classname="Testcases.Google_20_GmailSignOutTest">
    <skipped/>
  </testcase> <!-- @BeforeMethod setBrowser -->
  <testcase name="@AfterMethod closeBrowser" time="-1.622468461177E9" classname="Testcases.Google_20_GmailSignOutTest">
    <skipped/>
  </testcase> <!-- @AfterMethod closeBrowser -->
  <testcase name="@BeforeClass getTest" time="-1.622468461182E9" classname="Testcases.Google_06_Test">
    <skipped/>
  </testcase> <!-- @BeforeClass getTest -->
  <testcase name="@BeforeMethod setBrowser" time="-1.622468461197E9" classname="Testcases.Google_06_Test">
    <skipped/>
  </testcase> <!-- @BeforeMethod setBrowser -->
  <testcase name="@BeforeClass getTest" time="-1.622468461212E9" classname="Testcases.Google_03_photosTest">
    <skipped/>
  </testcase> <!-- @BeforeClass getTest -->
  <testcase name="@BeforeMethod setUp" time="-1.62246846122E9" classname="Testcases.Google_03_photosTest">
    <skipped/>
  </testcase> <!-- @BeforeMethod setUp -->
  <testcase name="@AfterMethod tearDown" time="-1.622468461232E9" classname="Testcases.Google_03_photosTest">
    <skipped/>
  </testcase> <!-- @AfterMethod tearDown -->
  <testcase name="@BeforeMethod setUp" time="-1.622468461242E9" classname="Testcases.Google_03_photosTest">
    <skipped/>
  </testcase> <!-- @BeforeMethod setUp -->
  <testcase name="@AfterMethod tearDown" time="-1.622468461252E9" classname="Testcases.Google_03_photosTest">
    <skipped/>
  </testcase> <!-- @AfterMethod tearDown -->
  <testcase name="@BeforeClass getTest" time="-1.622468461253E9" classname="Testcases.Google_04_DriveVerifyTest">
    <skipped/>
  </testcase> <!-- @BeforeClass getTest -->
  <testcase name="@BeforeMethod setBrowser" time="-1.622468461356E9" classname="Testcases.Google_04_DriveVerifyTest">
    <skipped/>
  </testcase> <!-- @BeforeMethod setBrowser -->
  <testcase name="@AfterMethod closeBrowser" time="-1.622468461368E9" classname="Testcases.Google_04_DriveVerifyTest">
    <skipped/>
  </testcase> <!-- @AfterMethod closeBrowser -->
  <testcase name="@BeforeMethod setBrowser" time="-1.622468461371E9" classname="Testcases.Google_04_DriveVerifyTest">
    <skipped/>
  </testcase> <!-- @BeforeMethod setBrowser -->
  <testcase name="@AfterMethod closeBrowser" time="-1.622468461383E9" classname="Testcases.Google_04_DriveVerifyTest">
    <skipped/>
  </testcase> <!-- @AfterMethod closeBrowser -->
  <testcase name="@BeforeClass getTest" time="-1.622468461391E9" classname="Testcases.Google_04_SearchVerifyTest">
    <skipped/>
  </testcase> <!-- @BeforeClass getTest -->
  <testcase name="@BeforeMethod setBrowser" time="-1.622468461455E9" classname="Testcases.Google_04_SearchVerifyTest">
    <skipped/>
  </testcase> <!-- @BeforeMethod setBrowser -->
  <testcase name="@AfterMethod closeBrowser" time="-1.622468461467E9" classname="Testcases.Google_04_SearchVerifyTest">
    <skipped/>
  </testcase> <!-- @AfterMethod closeBrowser -->
  <testcase name="@BeforeMethod setBrowser" time="-1.622468461468E9" classname="Testcases.Google_04_SearchVerifyTest">
    <skipped/>
  </testcase> <!-- @BeforeMethod setBrowser -->
  <testcase name="@AfterMethod closeBrowser" time="-1.622468461474E9" classname="Testcases.Google_04_SearchVerifyTest">
    <skipped/>
  </testcase> <!-- @AfterMethod closeBrowser -->
  <testcase name="@BeforeClass getTest" time="-1.622468461476E9" classname="Testcases.Google_10Test">
    <skipped/>
  </testcase> <!-- @BeforeClass getTest -->
  <testcase name="@BeforeMethod setBrowser" time="-1.622468461564E9" classname="Testcases.Google_10Test">
    <skipped/>
  </testcase> <!-- @BeforeMethod setBrowser -->
  <testcase name="@AfterMethod closeBrowser" time="-1.622468461573E9" classname="Testcases.Google_10Test">
    <skipped/>
  </testcase> <!-- @AfterMethod closeBrowser -->
  <testcase name="@BeforeMethod setBrowser" time="-1.622468461574E9" classname="Testcases.Google_10Test">
    <skipped/>
  </testcase> <!-- @BeforeMethod setBrowser -->
  <testcase name="@AfterMethod closeBrowser" time="-1.622468461577E9" classname="Testcases.Google_10Test">
    <skipped/>
  </testcase> <!-- @AfterMethod closeBrowser -->
  <testcase name="@BeforeClass getTest" time="-1.622468461578E9" classname="Testcases.Google_03_MapsTest">
    <skipped/>
  </testcase> <!-- @BeforeClass getTest -->
  <testcase name="@BeforeMethod setUp" time="-1.62246846158E9" classname="Testcases.Google_03_MapsTest">
    <skipped/>
  </testcase> <!-- @BeforeMethod setUp -->
  <testcase name="@AfterMethod tearDown" time="-1.622468461595E9" classname="Testcases.Google_03_MapsTest">
    <skipped/>
  </testcase> <!-- @AfterMethod tearDown -->
  <testcase name="@BeforeMethod setUp" time="-1.622468461597E9" classname="Testcases.Google_03_MapsTest">
    <skipped/>
  </testcase> <!-- @BeforeMethod setUp -->
  <testcase name="@AfterMethod tearDown" time="-1.622468461603E9" classname="Testcases.Google_03_MapsTest">
    <skipped/>
  </testcase> <!-- @AfterMethod tearDown -->
  <testcase name="@BeforeClass getTest" time="-1.622468461605E9" classname="Testcases.Google_04_PhotosVerifyTest">
    <skipped/>
  </testcase> <!-- @BeforeClass getTest -->
  <testcase name="@BeforeMethod setBrowser" time="-1.62246846168E9" classname="Testcases.Google_04_PhotosVerifyTest">
    <skipped/>
  </testcase> <!-- @BeforeMethod setBrowser -->
  <testcase name="@AfterMethod closeBrowser" time="-1.622468461685E9" classname="Testcases.Google_04_PhotosVerifyTest">
    <skipped/>
  </testcase> <!-- @AfterMethod closeBrowser -->
  <testcase name="@BeforeMethod setBrowser" time="-1.622468461688E9" classname="Testcases.Google_04_PhotosVerifyTest">
    <skipped/>
  </testcase> <!-- @BeforeMethod setBrowser -->
  <testcase name="@AfterMethod closeBrowser" time="-1.622468461697E9" classname="Testcases.Google_04_PhotosVerifyTest">
    <skipped/>
  </testcase> <!-- @AfterMethod closeBrowser -->
  <testcase name="@BeforeClass getTest" time="-1.622468461707E9" classname="Testcases.Google_14_GmailsendmailTest">
    <skipped/>
  </testcase> <!-- @BeforeClass getTest -->
  <testcase name="@BeforeMethod setBrowser" time="-1.622468461869E9" classname="Testcases.Google_14_GmailsendmailTest">
    <skipped/>
  </testcase> <!-- @BeforeMethod setBrowser -->
  <testcase name="@AfterMethod closeBrowser" time="-1.62246846188E9" classname="Testcases.Google_14_GmailsendmailTest">
    <skipped/>
  </testcase> <!-- @AfterMethod closeBrowser -->
  <testcase name="@BeforeMethod setBrowser" time="-1.622468461884E9" classname="Testcases.Google_14_GmailsendmailTest">
    <skipped/>
  </testcase> <!-- @BeforeMethod setBrowser -->
  <testcase name="@AfterMethod closeBrowser" time="-1.622468461933E9" classname="Testcases.Google_14_GmailsendmailTest">
    <skipped/>
  </testcase> <!-- @AfterMethod closeBrowser -->
  <testcase name="@BeforeClass getTest" time="-1.622468461948E9" classname="Testcases.Google_18_VerifyLabelTest">
    <skipped/>
  </testcase> <!-- @BeforeClass getTest -->
  <testcase name="@BeforeMethod setBrowser" time="-1.622468462063E9" classname="Testcases.Google_18_VerifyLabelTest">
    <skipped/>
  </testcase> <!-- @BeforeMethod setBrowser -->
  <testcase name="@AfterMethod closeBrowser" time="-1.622468462085E9" classname="Testcases.Google_18_VerifyLabelTest">
    <skipped/>
  </testcase> <!-- @AfterMethod closeBrowser -->
  <testcase name="@BeforeMethod setBrowser" time="-1.62246846209E9" classname="Testcases.Google_18_VerifyLabelTest">
    <skipped/>
  </testcase> <!-- @BeforeMethod setBrowser -->
  <testcase name="@AfterMethod closeBrowser" time="-1.622468462099E9" classname="Testcases.Google_18_VerifyLabelTest">
    <skipped/>
  </testcase> <!-- @AfterMethod closeBrowser -->
  <testcase name="@BeforeClass getTest" time="-1.622468462104E9" classname="Testcases.Google_04_YoutubeVerifyTest">
    <skipped/>
  </testcase> <!-- @BeforeClass getTest -->
  <testcase name="@BeforeMethod setBrowser" time="-1.622468462216E9" classname="Testcases.Google_04_YoutubeVerifyTest">
    <skipped/>
  </testcase> <!-- @BeforeMethod setBrowser -->
  <testcase name="@AfterMethod closeBrowser" time="-1.622468462255E9" classname="Testcases.Google_04_YoutubeVerifyTest">
    <skipped/>
  </testcase> <!-- @AfterMethod closeBrowser -->
  <testcase name="@BeforeMethod setBrowser" time="-1.622468462267E9" classname="Testcases.Google_04_YoutubeVerifyTest">
    <skipped/>
  </testcase> <!-- @BeforeMethod setBrowser -->
  <testcase name="@AfterMethod closeBrowser" time="-1.62246846227E9" classname="Testcases.Google_04_YoutubeVerifyTest">
    <skipped/>
  </testcase> <!-- @AfterMethod closeBrowser -->
  <testcase name="@BeforeClass getTest" time="-1.622468462272E9" classname="Testcases.Google_13_GmailComposeVerifyTest">
    <skipped/>
  </testcase> <!-- @BeforeClass getTest -->
  <testcase name="@BeforeMethod setBrowser" time="-1.622468462383E9" classname="Testcases.Google_13_GmailComposeVerifyTest">
    <skipped/>
  </testcase> <!-- @BeforeMethod setBrowser -->
  <testcase name="@AfterMethod closeBrowser" time="-1.622468462387E9" classname="Testcases.Google_13_GmailComposeVerifyTest">
    <skipped/>
  </testcase> <!-- @AfterMethod closeBrowser -->
  <testcase name="@BeforeMethod setBrowser" time="-1.62246846239E9" classname="Testcases.Google_13_GmailComposeVerifyTest">
    <skipped/>
  </testcase> <!-- @BeforeMethod setBrowser -->
  <testcase name="@AfterMethod closeBrowser" time="-1.622468462392E9" classname="Testcases.Google_13_GmailComposeVerifyTest">
    <skipped/>
  </testcase> <!-- @AfterMethod closeBrowser -->
  <testcase name="@BeforeClass getTest" time="-1.622468462394E9" classname="Testcases.Google_03_DriveTest">
    <skipped/>
  </testcase> <!-- @BeforeClass getTest -->
  <testcase name="@BeforeMethod setBrowser" time="-1.6224684624E9" classname="Testcases.Google_03_DriveTest">
    <skipped/>
  </testcase> <!-- @BeforeMethod setBrowser -->
  <testcase name="@AfterMethod tearDown" time="-1.622468462402E9" classname="Testcases.Google_03_DriveTest">
    <skipped/>
  </testcase> <!-- @AfterMethod tearDown -->
  <testcase name="@BeforeMethod setBrowser" time="-1.622468462404E9" classname="Testcases.Google_03_DriveTest">
    <skipped/>
  </testcase> <!-- @BeforeMethod setBrowser -->
  <testcase name="@AfterMethod tearDown" time="-1.622468462408E9" classname="Testcases.Google_03_DriveTest">
    <skipped/>
  </testcase> <!-- @AfterMethod tearDown -->
  <testcase name="@BeforeMethod setBrowser" time="-1.62246846241E9" classname="Testcases.Google_03_DriveTest">
    <skipped/>
  </testcase> <!-- @BeforeMethod setBrowser -->
  <testcase name="@AfterMethod tearDown" time="-1.622468462413E9" classname="Testcases.Google_03_DriveTest">
    <skipped/>
  </testcase> <!-- @AfterMethod tearDown -->
  <testcase name="@BeforeClass getTest" time="-1.622468462414E9" classname="Testcases.Google_17_GoogleSettingVerifyTest">
    <skipped/>
  </testcase> <!-- @BeforeClass getTest -->
  <testcase name="@BeforeMethod setBrowser" time="-1.622468462526E9" classname="Testcases.Google_17_GoogleSettingVerifyTest">
    <skipped/>
  </testcase> <!-- @BeforeMethod setBrowser -->
  <testcase name="@AfterMethod closeBrowser" time="-1.622468462528E9" classname="Testcases.Google_17_GoogleSettingVerifyTest">
    <skipped/>
  </testcase> <!-- @AfterMethod closeBrowser -->
  <testcase name="@BeforeMethod setBrowser" time="-1.622468462529E9" classname="Testcases.Google_17_GoogleSettingVerifyTest">
    <skipped/>
  </testcase> <!-- @BeforeMethod setBrowser -->
  <testcase name="@AfterMethod closeBrowser" time="-1.622468462545E9" classname="Testcases.Google_17_GoogleSettingVerifyTest">
    <skipped/>
  </testcase> <!-- @AfterMethod closeBrowser -->
  <testcase name="@BeforeMethod setUp" time="-1.622468462549E9" classname="Testcases.Google_01_PageTest">
    <skipped/>
  </testcase> <!-- @BeforeMethod setUp -->
  <testcase name="@AfterMethod tearDown" time="-1.622468462558E9" classname="Testcases.Google_01_PageTest">
    <skipped/>
  </testcase> <!-- @AfterMethod tearDown -->
  <testcase name="@BeforeMethod setUp" time="-1.622468462559E9" classname="Testcases.Google_01_PageTest">
    <skipped/>
  </testcase> <!-- @BeforeMethod setUp -->
  <testcase name="@AfterMethod tearDown" time="-1.622468462561E9" classname="Testcases.Google_01_PageTest">
    <skipped/>
  </testcase> <!-- @AfterMethod tearDown -->
  <testcase name="@BeforeMethod setUp" time="-1.622468462563E9" classname="Testcases.Google_01_PageTest">
    <skipped/>
  </testcase> <!-- @BeforeMethod setUp -->
  <testcase name="@AfterMethod tearDown" time="-1.622468462581E9" classname="Testcases.Google_01_PageTest">
    <skipped/>
  </testcase> <!-- @AfterMethod tearDown -->
  <testcase name="@BeforeClass getTest" time="-1.622468462582E9" classname="Testcases.Google_03_GmailTest">
    <skipped/>
  </testcase> <!-- @BeforeClass getTest -->
  <testcase name="@BeforeMethod setUp" time="-1.622468462583E9" classname="Testcases.Google_03_GmailTest">
    <skipped/>
  </testcase> <!-- @BeforeMethod setUp -->
  <testcase name="@AfterMethod tearDown" time="-1.622468462585E9" classname="Testcases.Google_03_GmailTest">
    <skipped/>
  </testcase> <!-- @AfterMethod tearDown -->
  <testcase name="@BeforeMethod setUp" time="-1.622468462586E9" classname="Testcases.Google_03_GmailTest">
    <skipped/>
  </testcase> <!-- @BeforeMethod setUp -->
  <testcase name="@AfterMethod tearDown" time="-1.622468462592E9" classname="Testcases.Google_03_GmailTest">
    <skipped/>
  </testcase> <!-- @AfterMethod tearDown -->
  <testcase name="@BeforeClass getTest" time="-1.622468462593E9" classname="Testcases.Google_04_NewsVerifyTest">
    <skipped/>
  </testcase> <!-- @BeforeClass getTest -->
  <testcase name="@BeforeMethod setBrowser" time="-1.622468462657E9" classname="Testcases.Google_04_NewsVerifyTest">
    <skipped/>
  </testcase> <!-- @BeforeMethod setBrowser -->
  <testcase name="@AfterMethod closeBrowser" time="-1.622468462662E9" classname="Testcases.Google_04_NewsVerifyTest">
    <skipped/>
  </testcase> <!-- @AfterMethod closeBrowser -->
  <testcase name="@BeforeMethod setBrowser" time="-1.622468462666E9" classname="Testcases.Google_04_NewsVerifyTest">
    <skipped/>
  </testcase> <!-- @BeforeMethod setBrowser -->
  <testcase name="@AfterMethod closeBrowser" time="-1.622468462668E9" classname="Testcases.Google_04_NewsVerifyTest">
    <skipped/>
  </testcase> <!-- @AfterMethod closeBrowser -->
  <testcase name="@BeforeClass getTest" time="-1.622468462669E9" classname="Testcases.Google_11_GmailStarTest">
    <skipped/>
  </testcase> <!-- @BeforeClass getTest -->
  <testcase name="@BeforeMethod setBrowser" time="-1.622468462883E9" classname="Testcases.Google_11_GmailStarTest">
    <skipped/>
  </testcase> <!-- @BeforeMethod setBrowser -->
  <testcase name="@AfterMethod closeBrowser" time="-1.622468462885E9" classname="Testcases.Google_11_GmailStarTest">
    <skipped/>
  </testcase> <!-- @AfterMethod closeBrowser -->
  <testcase name="@BeforeMethod setBrowser" time="-1.622468462886E9" classname="Testcases.Google_11_GmailStarTest">
    <skipped/>
  </testcase> <!-- @BeforeMethod setBrowser -->
  <testcase name="@AfterMethod closeBrowser" time="-1.622468462901E9" classname="Testcases.Google_11_GmailStarTest">
    <skipped/>
  </testcase> <!-- @AfterMethod closeBrowser -->
  <testcase name="@BeforeClass getTest" time="-1.622468462905E9" classname="Testcases.Google_03_YoutubeTest">
    <skipped/>
  </testcase> <!-- @BeforeClass getTest -->
  <testcase name="@BeforeMethod setUp" time="-1.622468462911E9" classname="Testcases.Google_03_YoutubeTest">
    <skipped/>
  </testcase> <!-- @BeforeMethod setUp -->
  <testcase name="@AfterMethod tearDown" time="-1.62246846292E9" classname="Testcases.Google_03_YoutubeTest">
    <skipped/>
  </testcase> <!-- @AfterMethod tearDown -->
  <testcase name="@BeforeMethod setUp" time="-1.622468462926E9" classname="Testcases.Google_03_YoutubeTest">
    <skipped/>
  </testcase> <!-- @BeforeMethod setUp -->
  <testcase name="@AfterMethod tearDown" time="-1.622468462935E9" classname="Testcases.Google_03_YoutubeTest">
    <skipped/>
  </testcase> <!-- @AfterMethod tearDown -->
  <testcase name="@BeforeClass getTest" time="-1.622468462941E9" classname="Testcases.Google_05_HindiTest">
    <skipped/>
  </testcase> <!-- @BeforeClass getTest -->
  <testcase name="@BeforeMethod setBrowser" time="-1.622468462949E9" classname="Testcases.Google_05_HindiTest">
    <skipped/>
  </testcase> <!-- @BeforeMethod setBrowser -->
  <testcase name="@AfterMethod closebrowse" time="-1.622468462976E9" classname="Testcases.Google_05_HindiTest">
    <skipped/>
  </testcase> <!-- @AfterMethod closebrowse -->
  <testcase name="verifyPlaysearch" time="0.0" classname="Testcases.Google_03_playTest">
    <skipped/>
  </testcase> <!-- verifyPlaysearch -->
  <testcase name="verifyTitalPlay" time="0.0" classname="Testcases.Google_03_playTest">
    <skipped/>
  </testcase> <!-- verifyTitalPlay -->
  <testcase name="checkAccountisValidorNot" time="0.0" classname="Testcases.Google_04_TranslateVerifyTest">
    <skipped/>
  </testcase> <!-- checkAccountisValidorNot -->
  <testcase name="checkAccountisValidorNot" time="0.0" classname="Testcases.Google_04_TranslateVerifyTest">
    <skipped/>
  </testcase> <!-- checkAccountisValidorNot -->
  <testcase name="verifyNewstopstoris" time="0.0" classname="Testcases.Google_03_NewsTest">
    <skipped/>
  </testcase> <!-- verifyNewstopstoris -->
  <testcase name="verifyTitalNews" time="0.0" classname="Testcases.Google_03_NewsTest">
    <skipped/>
  </testcase> <!-- verifyTitalNews -->
  <testcase name="checkReademails" time="0.0" classname="Testcases.Google_12_ReadEmailTest">
    <skipped/>
  </testcase> <!-- checkReademails -->
  <testcase name="checkReademails" time="0.0" classname="Testcases.Google_12_ReadEmailTest">
    <skipped/>
  </testcase> <!-- checkReademails -->
  <testcase name="checkAccountisValidorNot" time="0.0" classname="Testcases.Google_04_MapVerifyTest">
    <skipped/>
  </testcase> <!-- checkAccountisValidorNot -->
  <testcase name="checkAccountisValidorNot" time="0.0" classname="Testcases.Google_04_MapVerifyTest">
    <skipped/>
  </testcase> <!-- checkAccountisValidorNot -->
  <testcase name="verifyTranslatefun" time="0.0" classname="Testcases.Google_03_translateTest">
    <skipped/>
  </testcase> <!-- verifyTranslatefun -->
  <testcase name="checkgmail" time="0.0" classname="Testcases.Google_09_GmailAccountVerifyTest">
    <skipped/>
  </testcase> <!-- checkgmail -->
  <testcase name="checkAccountisValidorNot" time="0.0" classname="Testcases.Google_04_AccountVerifyTest">
    <skipped/>
  </testcase> <!-- checkAccountisValidorNot -->
  <testcase name="checkAccountisValidorNot" time="0.0" classname="Testcases.Google_04_AccountVerifyTest">
    <skipped/>
  </testcase> <!-- checkAccountisValidorNot -->
  <testcase name="checkGoogleSearchPage1" time="0.0" classname="Testcases.Google_07_VerifySearchTest">
    <skipped/>
  </testcase> <!-- checkGoogleSearchPage1 -->
  <testcase name="checklabel" time="0.0" classname="Testcases.Google_19_GmailMovePageTest">
    <skipped/>
  </testcase> <!-- checklabel -->
  <testcase name="checklabel" time="0.0" classname="Testcases.Google_19_GmailMovePageTest">
    <skipped/>
  </testcase> <!-- checklabel -->
  <testcase name="verifyGoogleAccount" time="0.0" classname="Testcases.Google_03_AccountPageTest">
    <skipped/>
  </testcase> <!-- verifyGoogleAccount -->
  <testcase name="verifysearchboxsearch" time="0.0" classname="Testcases.Google_03_SearchTest">
    <skipped/>
  </testcase> <!-- verifysearchboxsearch -->
  <testcase name="verifysearchboxsearchbtn" time="0.0" classname="Testcases.Google_03_SearchTest">
    <skipped/>
  </testcase> <!-- verifysearchboxsearchbtn -->
  <testcase name="verifysearchboxsearchlucky" time="0.0" classname="Testcases.Google_03_SearchTest">
    <skipped/>
  </testcase> <!-- verifysearchboxsearchlucky -->
  <testcase name="checkGmailisValidorNot" time="0.0" classname="Testcases.Google_04_GmailVerifyTest">
    <skipped/>
  </testcase> <!-- checkGmailisValidorNot -->
  <testcase name="checkGmailisValidorNot" time="0.0" classname="Testcases.Google_04_GmailVerifyTest">
    <skipped/>
  </testcase> <!-- checkGmailisValidorNot -->
  <testcase name="checkAccountisValidorNot" time="0.0" classname="Testcases.Google_04_PlaystoreVerifyTest">
    <skipped/>
  </testcase> <!-- checkAccountisValidorNot -->
  <testcase name="checkAccountisValidorNot" time="0.0" classname="Testcases.Google_04_PlaystoreVerifyTest">
    <skipped/>
  </testcase> <!-- checkAccountisValidorNot -->
  <testcase name="websearchproductTest" time="0.0" classname="Testcases.Google_08_ProductWebTest">
    <skipped/>
  </testcase> <!-- websearchproductTest -->
  <testcase name="webchromeproductTest" time="0.0" classname="Testcases.Google_08_ProductWebTest">
    <skipped/>
  </testcase> <!-- webchromeproductTest -->
  <testcase name="bookmarksproductTest" time="0.0" classname="Testcases.Google_08_ProductWebTest">
    <skipped/>
  </testcase> <!-- bookmarksproductTest -->
  <testcase name="googlemobileTest" time="0.0" classname="Testcases.Google_08_ProductWebTest">
    <skipped/>
  </testcase> <!-- googlemobileTest -->
  <testcase name="googlemapsformobileTest" time="0.0" classname="Testcases.Google_08_ProductWebTest">
    <skipped/>
  </testcase> <!-- googlemapsformobileTest -->
  <testcase name="googlesearchformobileTest" time="0.0" classname="Testcases.Google_08_ProductWebTest">
    <skipped/>
  </testcase> <!-- googlesearchformobileTest -->
  <testcase name="googleadwordsTest" time="0.0" classname="Testcases.Google_08_ProductWebTest">
    <skipped/>
  </testcase> <!-- googleadwordsTest -->
  <testcase name="googleappsforworksTest" time="0.0" classname="Testcases.Google_08_ProductWebTest">
    <skipped/>
  </testcase> <!-- googleappsforworksTest -->
  <testcase name="googleadsenseTest" time="0.0" classname="Testcases.Google_08_ProductWebTest">
    <skipped/>
  </testcase> <!-- googleadsenseTest -->
  <testcase name="googleadmobTest" time="0.0" classname="Testcases.Google_08_ProductWebTest">
    <skipped/>
  </testcase> <!-- googleadmobTest -->
  <testcase name="googleyoutubeTest" time="0.0" classname="Testcases.Google_08_ProductWebTest">
    <skipped/>
  </testcase> <!-- googleyoutubeTest -->
  <testcase name="googlebooksTest" time="0.0" classname="Testcases.Google_08_ProductWebTest">
    <skipped/>
  </testcase> <!-- googlebooksTest -->
  <testcase name="googleimagesearchTest" time="0.0" classname="Testcases.Google_08_ProductWebTest">
    <skipped/>
  </testcase> <!-- googleimagesearchTest -->
  <testcase name="googlenewsTest" time="0.0" classname="Testcases.Google_08_ProductWebTest">
    <skipped/>
  </testcase> <!-- googlenewsTest -->
  <testcase name="googlevideosearchTest" time="0.0" classname="Testcases.Google_08_ProductWebTest">
    <skipped/>
  </testcase> <!-- googlevideosearchTest -->
  <testcase name="googlepicasaTest" time="0.0" classname="Testcases.Google_08_ProductWebTest">
    <skipped/>
  </testcase> <!-- googlepicasaTest -->
  <testcase name="googlemapsTest" time="0.0" classname="Testcases.Google_08_ProductWebTest">
    <skipped/>
  </testcase> <!-- googlemapsTest -->
  <testcase name="googleearthTest" time="0.0" classname="Testcases.Google_08_ProductWebTest">
    <skipped/>
  </testcase> <!-- googleearthTest -->
  <testcase name="googlepanoramioTest" time="0.0" classname="Testcases.Google_08_ProductWebTest">
    <skipped/>
  </testcase> <!-- googlepanoramioTest -->
  <testcase name="googlescholarTest" time="0.0" classname="Testcases.Google_08_ProductWebTest">
    <skipped/>
  </testcase> <!-- googlescholarTest -->
  <testcase name="googletrendsTest" time="0.0" classname="Testcases.Google_08_ProductWebTest">
    <skipped/>
  </testcase> <!-- googletrendsTest -->
  <testcase name="googlegmailTest" time="0.0" classname="Testcases.Google_08_ProductWebTest">
    <skipped/>
  </testcase> <!-- googlegmailTest -->
  <testcase name="googledriveTest" time="0.0" classname="Testcases.Google_08_ProductWebTest">
    <skipped/>
  </testcase> <!-- googledriveTest -->
  <testcase name="googlesheetsTest" time="0.0" classname="Testcases.Google_08_ProductWebTest">
    <skipped/>
  </testcase> <!-- googlesheetsTest -->
  <testcase name="googleformsTest" time="0.0" classname="Testcases.Google_08_ProductWebTest">
    <skipped/>
  </testcase> <!-- googleformsTest -->
  <testcase name="googlesalesTest" time="0.0" classname="Testcases.Google_08_ProductWebTest">
    <skipped/>
  </testcase> <!-- googlesalesTest -->
  <testcase name="googlecalendarTest" time="0.0" classname="Testcases.Google_08_ProductWebTest">
    <skipped/>
  </testcase> <!-- googlecalendarTest -->
  <testcase name="googletranslateTest" time="0.0" classname="Testcases.Google_08_ProductWebTest">
    <skipped/>
  </testcase> <!-- googletranslateTest -->
  <testcase name="googlecloudprintTest" time="0.0" classname="Testcases.Google_08_ProductWebTest">
    <skipped/>
  </testcase> <!-- googlecloudprintTest -->
  <testcase name="googlekeepsTest" time="0.0" classname="Testcases.Google_08_ProductWebTest">
    <skipped/>
  </testcase> <!-- googlekeepsTest -->
  <testcase name="googlestoreTest" time="0.0" classname="Testcases.Google_08_ProductWebTest">
    <skipped/>
  </testcase> <!-- googlestoreTest -->
  <testcase name="googlebloggersTest" time="0.0" classname="Testcases.Google_08_ProductWebTest">
    <skipped/>
  </testcase> <!-- googlebloggersTest -->
  <testcase name="googlehangoutsTest" time="0.0" classname="Testcases.Google_08_ProductWebTest">
    <skipped/>
  </testcase> <!-- googlehangoutsTest -->
  <testcase name="verifyAccount" time="0.0" classname="Testcases.Google_02_PageTest">
    <skipped/>
  </testcase> <!-- verifyAccount -->
  <testcase name="verifySearch" time="0.0" classname="Testcases.Google_02_PageTest">
    <skipped/>
  </testcase> <!-- verifySearch -->
  <testcase name="verifyMaps" time="0.0" classname="Testcases.Google_02_PageTest">
    <skipped/>
  </testcase> <!-- verifyMaps -->
  <testcase name="verifyYouTube" time="0.0" classname="Testcases.Google_02_PageTest">
    <skipped/>
  </testcase> <!-- verifyYouTube -->
  <testcase name="verifyPlay" time="0.0" classname="Testcases.Google_02_PageTest">
    <skipped/>
  </testcase> <!-- verifyPlay -->
  <testcase name="verifyNews" time="0.0" classname="Testcases.Google_02_PageTest">
    <skipped/>
  </testcase> <!-- verifyNews -->
  <testcase name="verifyGmail" time="0.0" classname="Testcases.Google_02_PageTest">
    <skipped/>
  </testcase> <!-- verifyGmail -->
  <testcase name="verifyDrive" time="0.0" classname="Testcases.Google_02_PageTest">
    <skipped/>
  </testcase> <!-- verifyDrive -->
  <testcase name="verifyTranslate" time="0.0" classname="Testcases.Google_02_PageTest">
    <skipped/>
  </testcase> <!-- verifyTranslate -->
  <testcase name="verifyPhotos" time="0.0" classname="Testcases.Google_02_PageTest">
    <skipped/>
  </testcase> <!-- verifyPhotos -->
  <testcase name="mailattachmentTest" time="0.0" classname="Testcases.Google_16_MailwithAttachmentTest">
    <skipped/>
  </testcase> <!-- mailattachmentTest -->
  <testcase name="mailattachmentTest" time="0.0" classname="Testcases.Google_16_MailwithAttachmentTest">
    <skipped/>
  </testcase> <!-- mailattachmentTest -->
  <testcase name="gmailsearchboxTest" time="0.0" classname="Testcases.Google_15_GmailSearchTest">
    <skipped/>
  </testcase> <!-- gmailsearchboxTest -->
  <testcase name="gmailsearchboxTest" time="0.0" classname="Testcases.Google_15_GmailSearchTest">
    <skipped/>
  </testcase> <!-- gmailsearchboxTest -->
  <testcase name="gmailsignoutTest" time="0.0" classname="Testcases.Google_20_GmailSignOutTest">
    <skipped/>
  </testcase> <!-- gmailsignoutTest -->
  <testcase name="gmailsignoutTest" time="0.0" classname="Testcases.Google_20_GmailSignOutTest">
    <skipped/>
  </testcase> <!-- gmailsignoutTest -->
  <testcase name="googleTest" time="0.0" classname="Testcases.Google_06_Test">
    <skipped/>
  </testcase> <!-- googleTest -->
  <testcase name="verifyTitalPhotos" time="0.0" classname="Testcases.Google_03_photosTest">
    <skipped/>
  </testcase> <!-- verifyTitalPhotos -->
  <testcase name="verifygotoPhotos" time="0.0" classname="Testcases.Google_03_photosTest">
    <skipped/>
  </testcase> <!-- verifygotoPhotos -->
  <testcase name="checkDriveisValidorNot" time="0.0" classname="Testcases.Google_04_DriveVerifyTest">
    <skipped/>
  </testcase> <!-- checkDriveisValidorNot -->
  <testcase name="checkDriveisValidorNot" time="0.0" classname="Testcases.Google_04_DriveVerifyTest">
    <skipped/>
  </testcase> <!-- checkDriveisValidorNot -->
  <testcase name="checkAccountisValidorNot" time="0.0" classname="Testcases.Google_04_SearchVerifyTest">
    <skipped/>
  </testcase> <!-- checkAccountisValidorNot -->
  <testcase name="checkAccountisValidorNot" time="0.0" classname="Testcases.Google_04_SearchVerifyTest">
    <skipped/>
  </testcase> <!-- checkAccountisValidorNot -->
  <testcase name="checkgmail" time="0.0" classname="Testcases.Google_10Test">
    <skipped/>
  </testcase> <!-- checkgmail -->
  <testcase name="checkgmail" time="0.0" classname="Testcases.Google_10Test">
    <skipped/>
  </testcase> <!-- checkgmail -->
  <testcase name="verifyMAptool" time="0.0" classname="Testcases.Google_03_MapsTest">
    <skipped/>
  </testcase> <!-- verifyMAptool -->
  <testcase name="verifyMapsearchbox" time="0.0" classname="Testcases.Google_03_MapsTest">
    <skipped/>
  </testcase> <!-- verifyMapsearchbox -->
  <testcase name="checkAccountisValidorNot" time="0.0" classname="Testcases.Google_04_PhotosVerifyTest">
    <skipped/>
  </testcase> <!-- checkAccountisValidorNot -->
  <testcase name="checkAccountisValidorNot" time="0.0" classname="Testcases.Google_04_PhotosVerifyTest">
    <skipped/>
  </testcase> <!-- checkAccountisValidorNot -->
  <testcase name="checkEmailsendornot" time="0.0" classname="Testcases.Google_14_GmailsendmailTest">
    <skipped/>
  </testcase> <!-- checkEmailsendornot -->
  <testcase name="checkEmailsendornot" time="0.0" classname="Testcases.Google_14_GmailsendmailTest">
    <skipped/>
  </testcase> <!-- checkEmailsendornot -->
  <testcase name="checklabel" time="0.0" classname="Testcases.Google_18_VerifyLabelTest">
    <skipped/>
  </testcase> <!-- checklabel -->
  <testcase name="checklabel" time="0.0" classname="Testcases.Google_18_VerifyLabelTest">
    <skipped/>
  </testcase> <!-- checklabel -->
  <testcase name="checkAccountisValidorNot" time="0.0" classname="Testcases.Google_04_YoutubeVerifyTest">
    <skipped/>
  </testcase> <!-- checkAccountisValidorNot -->
  <testcase name="checkAccountisValidorNot" time="0.0" classname="Testcases.Google_04_YoutubeVerifyTest">
    <skipped/>
  </testcase> <!-- checkAccountisValidorNot -->
  <testcase name="gmailcomposeTest" time="0.0" classname="Testcases.Google_13_GmailComposeVerifyTest">
    <skipped/>
  </testcase> <!-- gmailcomposeTest -->
  <testcase name="gmailcomposeTest" time="0.0" classname="Testcases.Google_13_GmailComposeVerifyTest">
    <skipped/>
  </testcase> <!-- gmailcomposeTest -->
  <testcase name="verifyGoogleMeetdrive" time="0.0" classname="Testcases.Google_03_DriveTest">
    <skipped/>
  </testcase> <!-- verifyGoogleMeetdrive -->
  <testcase name="verifyGoogleusingDrive" time="0.0" classname="Testcases.Google_03_DriveTest">
    <skipped/>
  </testcase> <!-- verifyGoogleusingDrive -->
  <testcase name="verifyGooglgotoDrive" time="0.0" classname="Testcases.Google_03_DriveTest">
    <skipped/>
  </testcase> <!-- verifyGooglgotoDrive -->
  <testcase name="checkSettingpageTest" time="0.0" classname="Testcases.Google_17_GoogleSettingVerifyTest">
    <skipped/>
  </testcase> <!-- checkSettingpageTest -->
  <testcase name="checkSettingpageTest" time="0.0" classname="Testcases.Google_17_GoogleSettingVerifyTest">
    <skipped/>
  </testcase> <!-- checkSettingpageTest -->
  <testcase name="verifySearchBox" time="0.0" classname="Testcases.Google_01_PageTest">
    <skipped/>
  </testcase> <!-- verifySearchBox -->
  <testcase name="verifySearchbtn" time="0.0" classname="Testcases.Google_01_PageTest">
    <skipped/>
  </testcase> <!-- verifySearchbtn -->
  <testcase name="verifySearchluckybtn" time="0.0" classname="Testcases.Google_01_PageTest">
    <skipped/>
  </testcase> <!-- verifySearchluckybtn -->
  <testcase name="verifyGmailGmaillogo" time="0.0" classname="Testcases.Google_03_GmailTest">
    <skipped/>
  </testcase> <!-- verifyGmailGmaillogo -->
  <testcase name="verifygmailCreatGmail" time="0.0" classname="Testcases.Google_03_GmailTest">
    <skipped/>
  </testcase> <!-- verifygmailCreatGmail -->
  <testcase name="checkAccountisValidorNot" time="0.0" classname="Testcases.Google_04_NewsVerifyTest">
    <skipped/>
  </testcase> <!-- checkAccountisValidorNot -->
  <testcase name="checkAccountisValidorNot" time="0.0" classname="Testcases.Google_04_NewsVerifyTest">
    <skipped/>
  </testcase> <!-- checkAccountisValidorNot -->
  <testcase name="gmailstarTest" time="0.0" classname="Testcases.Google_11_GmailStarTest">
    <skipped/>
  </testcase> <!-- gmailstarTest -->
  <testcase name="gmailstarTest" time="0.0" classname="Testcases.Google_11_GmailStarTest">
    <skipped/>
  </testcase> <!-- gmailstarTest -->
  <testcase name="verifyTitalYouTube" time="0.0" classname="Testcases.Google_03_YoutubeTest">
    <skipped/>
  </testcase> <!-- verifyTitalYouTube -->
  <testcase name="verifyYouTubesearchbox" time="0.0" classname="Testcases.Google_03_YoutubeTest">
    <skipped/>
  </testcase> <!-- verifyYouTubesearchbox -->
  <testcase name="checkGooglePageinHindiLanguage" time="0.0" classname="Testcases.Google_05_HindiTest">
    <skipped/>
  </testcase> <!-- checkGooglePageinHindiLanguage -->
</testsuite> <!-- Test -->
